[debug] [2022-08-17T13:45:20.898Z] ----------------------------------------------------------------------
[debug] [2022-08-17T13:45:20.904Z] Command:       C:\Program Files\nodejs\node.exe C:\Users\datho\AppData\Roaming\npm\node_modules\firebase-tools\lib\bin\firebase.js emulators:start
[debug] [2022-08-17T13:45:20.905Z] CLI Version:   11.7.0
[debug] [2022-08-17T13:45:20.905Z] Platform:      win32
[debug] [2022-08-17T13:45:20.906Z] Node Version:  v16.15.1
[debug] [2022-08-17T13:45:20.913Z] Time:          Wed Aug 17 2022 20:45:20 GMT+0700 (Indochina Time)
[debug] [2022-08-17T13:45:20.914Z] ----------------------------------------------------------------------
[debug] 
[debug] [2022-08-17T13:45:21.102Z] > command requires scopes: ["email","openid","https://www.googleapis.com/auth/cloudplatformprojects.readonly","https://www.googleapis.com/auth/firebase","https://www.googleapis.com/auth/cloud-platform"]
[debug] [2022-08-17T13:45:21.104Z] > authorizing via signed-in user (goldendarkzero@gmail.com)
[info] i  emulators: Starting emulators: functions {"metadata":{"emulator":{"name":"hub"},"message":"Starting emulators: functions"}}
[debug] [2022-08-17T13:45:21.174Z] [hub] writing locator at C:\Users\datho\AppData\Local\Temp\hub-clone-e4fd5.json
[warn] !  functions: The following emulators are not running, calls to these services from the Functions emulator will affect production: auth, firestore, database, hosting, pubsub, storage, eventarc {"metadata":{"emulator":{"name":"functions"},"message":"The following emulators are not running, calls to these services from the Functions emulator will affect production: \u001b[1mauth, firestore, database, hosting, pubsub, storage, eventarc\u001b[22m"}}
[info] +  functions: Using node@16 from host. {"metadata":{"emulator":{"name":"functions"},"message":"Using node@16 from host."}}
[debug] [2022-08-17T13:45:21.308Z] defaultcredentials: writing to file C:\Users\datho\AppData\Roaming\firebase\goldendarkzero_gmail_com_application_default_credentials.json
[debug] [2022-08-17T13:45:21.328Z] Setting GAC to C:\Users\datho\AppData\Roaming\firebase\goldendarkzero_gmail_com_application_default_credentials.json {"metadata":{"emulator":{"name":"functions"},"message":"Setting GAC to C:\\Users\\datho\\AppData\\Roaming\\firebase\\goldendarkzero_gmail_com_application_default_credentials.json"}}
[debug] [2022-08-17T13:45:21.332Z] > refreshing access token with scopes: []
[debug] [2022-08-17T13:45:21.340Z] >>> [apiv2][query] POST https://www.googleapis.com/oauth2/v3/token [none]
[debug] [2022-08-17T13:45:21.341Z] >>> [apiv2][body] POST https://www.googleapis.com/oauth2/v3/token [omitted]
[debug] [2022-08-17T13:45:21.563Z] <<< [apiv2][status] POST https://www.googleapis.com/oauth2/v3/token 200
[debug] [2022-08-17T13:45:21.563Z] <<< [apiv2][body] POST https://www.googleapis.com/oauth2/v3/token [omitted]
[debug] [2022-08-17T13:45:21.588Z] >>> [apiv2][query] GET https://firebase.googleapis.com/v1beta1/projects/clone-e4fd5/adminSdkConfig [none]
[debug] [2022-08-17T13:45:22.087Z] <<< [apiv2][status] GET https://firebase.googleapis.com/v1beta1/projects/clone-e4fd5/adminSdkConfig 200
[debug] [2022-08-17T13:45:22.087Z] <<< [apiv2][body] GET https://firebase.googleapis.com/v1beta1/projects/clone-e4fd5/adminSdkConfig {"projectId":"clone-e4fd5","storageBucket":"clone-e4fd5.appspot.com"}
[debug] [2022-08-17T13:45:22.178Z] Ignoring unsupported arg: auto_download {"metadata":{"emulator":{"name":"ui"},"message":"Ignoring unsupported arg: auto_download"}}
[debug] [2022-08-17T13:45:22.179Z] Ignoring unsupported arg: port {"metadata":{"emulator":{"name":"ui"},"message":"Ignoring unsupported arg: port"}}
[debug] [2022-08-17T13:45:22.179Z] Starting Emulator UI with command {"binary":"node","args":["C:\\Users\\datho\\.cache\\firebase\\emulators\\ui-v1.9.0\\server\\server.js"],"optionalArgs":[],"joinArgs":false} {"metadata":{"emulator":{"name":"ui"},"message":"Starting Emulator UI with command {\"binary\":\"node\",\"args\":[\"C:\\\\Users\\\\datho\\\\.cache\\\\firebase\\\\emulators\\\\ui-v1.9.0\\\\server\\\\server.js\"],\"optionalArgs\":[],\"joinArgs\":false}"}}
[info] i  ui: Emulator UI logging to ui-debug.log {"metadata":{"emulator":{"name":"ui"},"message":"Emulator UI logging to \u001b[1mui-debug.log\u001b[22m"}}
[debug] [2022-08-17T13:45:22.622Z] Web / API server started at localhost:4000
 {"metadata":{"emulator":{"name":"ui"},"message":"Web / API server started at localhost:4000\n"}}
[info] i  functions: Watching "C:\Users\datho\OneDrive\Desktop\training\Amazon-clone\amazon-clone\functions" for Cloud Functions... {"metadata":{"emulator":{"name":"functions"},"message":"Watching \"C:\\Users\\datho\\OneDrive\\Desktop\\training\\Amazon-clone\\amazon-clone\\functions\" for Cloud Functions..."}}
[debug] [2022-08-17T13:45:22.760Z] Validating nodejs source
[debug] [2022-08-17T13:45:31.625Z] > [functions] package.json contents: {
  "name": "functions",
  "description": "Cloud Functions for Firebase",
  "scripts": {
    "lint": "eslint .",
    "serve": "firebase emulators:start --only functions",
    "shell": "firebase functions:shell",
    "start": "npm run shell",
    "deploy": "firebase deploy --only functions",
    "logs": "firebase functions:log"
  },
  "engines": {
    "node": "16"
  },
  "main": "index.js",
  "dependencies": {
    "cors": "^2.8.5",
    "express": "^4.18.1",
    "firebase-admin": "^10.0.2",
    "firebase-functions": "^3.18.0",
    "stripe": "^10.2.0"
  },
  "devDependencies": {
    "eslint": "^8.9.0",
    "eslint-config-google": "^0.14.0",
    "firebase-functions-test": "^0.2.0"
  },
  "private": true
}
[debug] [2022-08-17T13:45:31.628Z] Building nodejs source
[debug] [2022-08-17T13:45:31.629Z] Analyzing nodejs backend spec
[debug] [2022-08-17T13:45:31.633Z] Could not find functions.yaml. Must use http discovery
[debug] [2022-08-17T13:45:32.590Z] Serving at port 9005

[debug] [2022-08-17T13:45:33.084Z] Got response from /__/functions.yaml {"endpoints":{"api":{"platform":"gcfv1","httpsTrigger":{},"entryPoint":"api"}},"specVersion":"v1alpha1","requiredAPIs":[]}
[debug] [2022-08-17T13:45:33.099Z] shutdown requested via /__/quitquitquit

[info] +  functions: Loaded functions definitions from source: api. {"metadata":{"emulator":{"name":"functions"},"message":"Loaded functions definitions from source: api."}}
[info] +  functions[us-central1-api]: http function initialized (http://localhost:5001/clone-e4fd5/us-central1/api). {"metadata":{"emulator":{"name":"functions"},"message":"\u001b[1mhttp\u001b[22m function initialized (http://localhost:5001/clone-e4fd5/us-central1/api)."}}
[info] 
┌─────────────────────────────────────────────────────────────┐
│ ✔  All emulators ready! It is now safe to connect your app. │
│ i  View Emulator UI at http://localhost:4000                │
└─────────────────────────────────────────────────────────────┘

┌───────────┬────────────────┬─────────────────────────────────┐
│ Emulator  │ Host:Port      │ View in Emulator UI             │
├───────────┼────────────────┼─────────────────────────────────┤
│ Functions │ localhost:5001 │ http://localhost:4000/functions │
└───────────┴────────────────┴─────────────────────────────────┘
  Emulator Hub running at localhost:4400
  Other reserved ports: 4500

Issues? Report them at https://github.com/firebase/firebase-tools/issues and attach the *-debug.log files.
 
[debug] [2022-08-17T13:45:53.395Z] [work-queue] {"queueLength":1,"workRunningCount":0}
[debug] [2022-08-17T13:45:53.396Z] [work-queue] {"queueLength":0,"workRunningCount":1}
[debug] [2022-08-17T13:45:53.398Z] Accepted request GET /clone-e4fd5/us-central1/api --> us-central1-api
[debug] [2022-08-17T13:45:53.422Z] [worker-pool] addWorker(us-central1-api) {"metadata":{"emulator":{"name":"functions"},"message":"[worker-pool] addWorker(us-central1-api)"}}
[debug] [2022-08-17T13:45:53.429Z] [worker-pool] Adding worker with key us-central1-api, total=1 {"metadata":{"emulator":{"name":"functions"},"message":"[worker-pool] Adding worker with key us-central1-api, total=1"}}
[debug] [2022-08-17T13:45:53.429Z] [worker-pool] submitWork(triggerId=us-central1-api) {"metadata":{"emulator":{"name":"functions"},"message":"[worker-pool] submitWork(triggerId=us-central1-api)"}}
[debug] [2022-08-17T13:45:53.430Z] [worker-us-central1-api-cfec7b15-06ae-4003-906f-1b7fb4d64e30]: BUSY {"metadata":{"emulator":{"name":"functions"},"message":"[worker-us-central1-api-cfec7b15-06ae-4003-906f-1b7fb4d64e30]: BUSY"}}
[debug] [2022-08-17T13:45:57.641Z] [runtime-status] [9024] Resolved module firebase-admin {"declared":true,"installed":true,"version":"10.3.0","resolution":"C:\\Users\\datho\\OneDrive\\Desktop\\training\\Amazon-clone\\amazon-clone\\functions\\node_modules\\firebase-admin\\lib\\index.js"} {"metadata":{"emulator":{"name":"functions"},"function":{"name":"us-central1-api"},"extension":{},"message":"[runtime-status] [9024] Resolved module firebase-admin {\"declared\":true,\"installed\":true,\"version\":\"10.3.0\",\"resolution\":\"C:\\\\Users\\\\datho\\\\OneDrive\\\\Desktop\\\\training\\\\Amazon-clone\\\\amazon-clone\\\\functions\\\\node_modules\\\\firebase-admin\\\\lib\\\\index.js\"}"}}
[debug] [2022-08-17T13:45:57.644Z] [runtime-status] [9024] Resolved module firebase-functions {"declared":true,"installed":true,"version":"3.22.0","resolution":"C:\\Users\\datho\\OneDrive\\Desktop\\training\\Amazon-clone\\amazon-clone\\functions\\node_modules\\firebase-functions\\lib\\index.js"} {"metadata":{"emulator":{"name":"functions"},"function":{"name":"us-central1-api"},"extension":{},"message":"[runtime-status] [9024] Resolved module firebase-functions {\"declared\":true,\"installed\":true,\"version\":\"3.22.0\",\"resolution\":\"C:\\\\Users\\\\datho\\\\OneDrive\\\\Desktop\\\\training\\\\Amazon-clone\\\\amazon-clone\\\\functions\\\\node_modules\\\\firebase-functions\\\\lib\\\\index.js\"}"}}
[debug] [2022-08-17T13:45:57.645Z] [runtime-status] [9024] Outgoing network have been stubbed. [{"name":"http","status":"mocked"},{"name":"http","status":"mocked"},{"name":"https","status":"mocked"},{"name":"https","status":"mocked"},{"name":"net","status":"mocked"}] {"metadata":{"emulator":{"name":"functions"},"function":{"name":"us-central1-api"},"extension":{},"message":"[runtime-status] [9024] Outgoing network have been stubbed. [{\"name\":\"http\",\"status\":\"mocked\"},{\"name\":\"http\",\"status\":\"mocked\"},{\"name\":\"https\",\"status\":\"mocked\"},{\"name\":\"https\",\"status\":\"mocked\"},{\"name\":\"net\",\"status\":\"mocked\"}]"}}
[debug] [2022-08-17T13:45:57.648Z] [runtime-status] [9024] Resolved module firebase-functions {"declared":true,"installed":true,"version":"3.22.0","resolution":"C:\\Users\\datho\\OneDrive\\Desktop\\training\\Amazon-clone\\amazon-clone\\functions\\node_modules\\firebase-functions\\lib\\index.js"} {"metadata":{"emulator":{"name":"functions"},"function":{"name":"us-central1-api"},"extension":{},"message":"[runtime-status] [9024] Resolved module firebase-functions {\"declared\":true,\"installed\":true,\"version\":\"3.22.0\",\"resolution\":\"C:\\\\Users\\\\datho\\\\OneDrive\\\\Desktop\\\\training\\\\Amazon-clone\\\\amazon-clone\\\\functions\\\\node_modules\\\\firebase-functions\\\\lib\\\\index.js\"}"}}
[debug] [2022-08-17T13:45:57.818Z] [runtime-status] [9024] Checked functions.config() {"config":{}} {"metadata":{"emulator":{"name":"functions"},"function":{"name":"us-central1-api"},"extension":{},"message":"[runtime-status] [9024] Checked functions.config() {\"config\":{}}"}}
[debug] [2022-08-17T13:45:57.819Z] [runtime-status] [9024] firebase-functions has been stubbed. {"functionsResolution":{"declared":true,"installed":true,"version":"3.22.0","resolution":"C:\\Users\\datho\\OneDrive\\Desktop\\training\\Amazon-clone\\amazon-clone\\functions\\node_modules\\firebase-functions\\lib\\index.js"}} {"metadata":{"emulator":{"name":"functions"},"function":{"name":"us-central1-api"},"extension":{},"message":"[runtime-status] [9024] firebase-functions has been stubbed. {\"functionsResolution\":{\"declared\":true,\"installed\":true,\"version\":\"3.22.0\",\"resolution\":\"C:\\\\Users\\\\datho\\\\OneDrive\\\\Desktop\\\\training\\\\Amazon-clone\\\\amazon-clone\\\\functions\\\\node_modules\\\\firebase-functions\\\\lib\\\\index.js\"}}"}}
[debug] [2022-08-17T13:45:57.823Z] [runtime-status] [9024] Resolved module firebase-functions {"declared":true,"installed":true,"version":"3.22.0","resolution":"C:\\Users\\datho\\OneDrive\\Desktop\\training\\Amazon-clone\\amazon-clone\\functions\\node_modules\\firebase-functions\\lib\\index.js"} {"metadata":{"emulator":{"name":"functions"},"function":{"name":"us-central1-api"},"extension":{},"message":"[runtime-status] [9024] Resolved module firebase-functions {\"declared\":true,\"installed\":true,\"version\":\"3.22.0\",\"resolution\":\"C:\\\\Users\\\\datho\\\\OneDrive\\\\Desktop\\\\training\\\\Amazon-clone\\\\amazon-clone\\\\functions\\\\node_modules\\\\firebase-functions\\\\lib\\\\index.js\"}"}}
[debug] [2022-08-17T13:45:57.828Z] [runtime-status] [9024] Resolved module firebase-admin {"declared":true,"installed":true,"version":"10.3.0","resolution":"C:\\Users\\datho\\OneDrive\\Desktop\\training\\Amazon-clone\\amazon-clone\\functions\\node_modules\\firebase-admin\\lib\\index.js"} {"metadata":{"emulator":{"name":"functions"},"function":{"name":"us-central1-api"},"extension":{},"message":"[runtime-status] [9024] Resolved module firebase-admin {\"declared\":true,\"installed\":true,\"version\":\"10.3.0\",\"resolution\":\"C:\\\\Users\\\\datho\\\\OneDrive\\\\Desktop\\\\training\\\\Amazon-clone\\\\amazon-clone\\\\functions\\\\node_modules\\\\firebase-admin\\\\lib\\\\index.js\"}"}}
[debug] [2022-08-17T13:45:57.831Z] [runtime-status] [9024] Resolved module firebase-functions {"declared":true,"installed":true,"version":"3.22.0","resolution":"C:\\Users\\datho\\OneDrive\\Desktop\\training\\Amazon-clone\\amazon-clone\\functions\\node_modules\\firebase-functions\\lib\\index.js"} {"metadata":{"emulator":{"name":"functions"},"function":{"name":"us-central1-api"},"extension":{},"message":"[runtime-status] [9024] Resolved module firebase-functions {\"declared\":true,\"installed\":true,\"version\":\"3.22.0\",\"resolution\":\"C:\\\\Users\\\\datho\\\\OneDrive\\\\Desktop\\\\training\\\\Amazon-clone\\\\amazon-clone\\\\functions\\\\node_modules\\\\firebase-functions\\\\lib\\\\index.js\"}"}}
[debug] [2022-08-17T13:45:57.832Z] [runtime-status] [9024] firebase-admin has been stubbed. {"adminResolution":{"declared":true,"installed":true,"version":"10.3.0","resolution":"C:\\Users\\datho\\OneDrive\\Desktop\\training\\Amazon-clone\\amazon-clone\\functions\\node_modules\\firebase-admin\\lib\\index.js"}} {"metadata":{"emulator":{"name":"functions"},"function":{"name":"us-central1-api"},"extension":{},"message":"[runtime-status] [9024] firebase-admin has been stubbed. {\"adminResolution\":{\"declared\":true,\"installed\":true,\"version\":\"10.3.0\",\"resolution\":\"C:\\\\Users\\\\datho\\\\OneDrive\\\\Desktop\\\\training\\\\Amazon-clone\\\\amazon-clone\\\\functions\\\\node_modules\\\\firebase-admin\\\\lib\\\\index.js\"}}"}}
[debug] [2022-08-17T13:45:57.833Z] [runtime-status] [9024] Functions runtime initialized. {"cwd":"C:\\Users\\datho\\OneDrive\\Desktop\\training\\Amazon-clone\\amazon-clone\\functions","node_version":"16.15.1"} {"metadata":{"emulator":{"name":"functions"},"function":{"name":"us-central1-api"},"extension":{},"message":"[runtime-status] [9024] Functions runtime initialized. {\"cwd\":\"C:\\\\Users\\\\datho\\\\OneDrive\\\\Desktop\\\\training\\\\Amazon-clone\\\\amazon-clone\\\\functions\",\"node_version\":\"16.15.1\"}"}}
[debug] [2022-08-17T13:45:58.428Z] [runtime-status] [9024] Beginning invocation function api! {"metadata":{"emulator":{"name":"functions"},"function":{"name":"us-central1-api"},"extension":{},"message":"[runtime-status] [9024] Beginning invocation function api!"}}
[info] i  functions: Beginning execution of "api" {"metadata":{"emulator":{"name":"functions"},"function":{"name":"us-central1-api"},"extension":{},"message":"Beginning execution of \"api\""}}
[debug] [2022-08-17T13:45:58.431Z] [runtime-status] [9024] Running api in signature http {"metadata":{"emulator":{"name":"functions"},"function":{"name":"us-central1-api"},"extension":{},"message":"[runtime-status] [9024] Running api in signature http"}}
[debug] [2022-08-17T13:45:58.447Z] [runtime-status] [9024] Listening to port: \\?\pipe\fire_emu_b4ed6fe4401f88b5 {"metadata":{"emulator":{"name":"functions"},"function":{"name":"us-central1-api"},"extension":{},"message":"[runtime-status] [9024] Listening to port: \\\\?\\pipe\\fire_emu_b4ed6fe4401f88b5"}}
[debug] [2022-08-17T13:45:58.545Z] [functions] Runtime ready! Sending request! {"metadata":{"emulator":{"name":"functions"},"message":"[functions] Runtime ready! Sending request!"}}
[debug] [2022-08-17T13:45:58.546Z] [functions] Got req.url=/clone-e4fd5/us-central1/api, mapping to path=/ {"metadata":{"emulator":{"name":"functions"},"message":"[functions] Got req.url=/clone-e4fd5/us-central1/api, mapping to path=/"}}
[debug] [2022-08-17T13:45:58.551Z] [runtime-status] [9024] Ephemeral server handling GET request {"metadata":{"emulator":{"name":"functions"},"function":{"name":"us-central1-api"},"extension":{},"message":"[runtime-status] [9024] Ephemeral server handling GET request"}}
[debug] [2022-08-17T13:45:58.566Z] [runtime-status] [9024] Ephemeral server survived. {"metadata":{"emulator":{"name":"functions"},"function":{"name":"us-central1-api"},"extension":{},"message":"[runtime-status] [9024] Ephemeral server survived."}}
[info] i  functions: Finished "api" in ~1s {"metadata":{"emulator":{"name":"functions"},"function":{"name":"us-central1-api"},"extension":{},"message":"Finished \"api\" in ~1s"}}
[debug] [2022-08-17T13:45:58.569Z] [worker-us-central1-api-cfec7b15-06ae-4003-906f-1b7fb4d64e30]: IDLE {"metadata":{"emulator":{"name":"functions"},"message":"[worker-us-central1-api-cfec7b15-06ae-4003-906f-1b7fb4d64e30]: IDLE"}}
[debug] [2022-08-17T13:45:58.571Z] [work-queue] {"queueLength":0,"workRunningCount":0}
[debug] [2022-08-17T13:45:58.886Z] Functions emulator received unknown request at path /favicon.ico
[debug] [2022-08-17T14:34:25.928Z] File C:\Users\datho\OneDrive\Desktop\training\Amazon-clone\amazon-clone\functions\index.js changed, reloading triggers {"metadata":{"emulator":{"name":"functions"},"message":"File C:\\Users\\datho\\OneDrive\\Desktop\\training\\Amazon-clone\\amazon-clone\\functions\\index.js changed, reloading triggers"}}
[debug] [2022-08-17T14:34:27.042Z] Validating nodejs source
[debug] [2022-08-17T14:34:34.818Z] > [functions] package.json contents: {
  "name": "functions",
  "description": "Cloud Functions for Firebase",
  "scripts": {
    "lint": "eslint .",
    "serve": "firebase emulators:start --only functions",
    "shell": "firebase functions:shell",
    "start": "npm run shell",
    "deploy": "firebase deploy --only functions",
    "logs": "firebase functions:log"
  },
  "engines": {
    "node": "16"
  },
  "main": "index.js",
  "dependencies": {
    "cors": "^2.8.5",
    "express": "^4.18.1",
    "firebase-admin": "^10.0.2",
    "firebase-functions": "^3.18.0",
    "stripe": "^10.2.0"
  },
  "devDependencies": {
    "eslint": "^8.9.0",
    "eslint-config-google": "^0.14.0",
    "firebase-functions-test": "^0.2.0"
  },
  "private": true
}
[debug] [2022-08-17T14:34:34.819Z] Building nodejs source
[debug] [2022-08-17T14:34:34.819Z] Analyzing nodejs backend spec
[debug] [2022-08-17T14:34:34.825Z] Could not find functions.yaml. Must use http discovery
[debug] [2022-08-17T14:34:35.901Z] Serving at port 9005

[debug] [2022-08-17T14:34:36.181Z] Got response from /__/functions.yaml {"endpoints":{"api":{"platform":"gcfv1","httpsTrigger":{},"entryPoint":"api"}},"specVersion":"v1alpha1","requiredAPIs":[]}
[debug] [2022-08-17T14:34:36.195Z] shutdown requested via /__/quitquitquit

[info] +  functions: Loaded functions definitions from source: api. {"metadata":{"emulator":{"name":"functions"},"message":"Loaded functions definitions from source: api."}}
[debug] [2022-08-17T14:34:36.224Z] [worker-pool] Shutting down IDLE worker (us-central1-api) {"metadata":{"emulator":{"name":"functions"},"message":"[worker-pool] Shutting down IDLE worker (us-central1-api)"}}
[debug] [2022-08-17T14:34:36.225Z] [worker-us-central1-api-cfec7b15-06ae-4003-906f-1b7fb4d64e30]: FINISHING {"metadata":{"emulator":{"name":"functions"},"message":"[worker-us-central1-api-cfec7b15-06ae-4003-906f-1b7fb4d64e30]: FINISHING"}}
[debug] [2022-08-17T14:34:36.236Z] [worker-us-central1-api-cfec7b15-06ae-4003-906f-1b7fb4d64e30]: exited {"metadata":{"emulator":{"name":"functions"},"message":"[worker-us-central1-api-cfec7b15-06ae-4003-906f-1b7fb4d64e30]: exited"}}
[debug] [2022-08-17T14:34:36.236Z] [worker-us-central1-api-cfec7b15-06ae-4003-906f-1b7fb4d64e30]: FINISHED {"metadata":{"emulator":{"name":"functions"},"message":"[worker-us-central1-api-cfec7b15-06ae-4003-906f-1b7fb4d64e30]: FINISHED"}}
